<?xml version="1.0" encoding="UTF-8"?>
<testsuite name="be.heh.petclinic.component.vet.JdbcVetDaoTest" tests="1" skipped="0" failures="0" errors="0" timestamp="2018-11-12T08:10:47" hostname="DESKTOP-IISQM2V" time="0.092">
  <properties/>
  <testcase name="test_getVets()" classname="be.heh.petclinic.component.vet.JdbcVetDaoTest" time="0.092"/>
  <system-out><![CDATA[09:10:43.586 [Test worker] DEBUG org.springframework.context.support.ClassPathXmlApplicationContext - Refreshing org.springframework.context.support.ClassPathXmlApplicationContext@200bf409
09:10:43.803 [Test worker] DEBUG org.springframework.beans.factory.support.DefaultListableBeanFactory - Alias definition 'dataSource' ignored since it points to same name
09:10:43.808 [Test worker] DEBUG org.springframework.beans.factory.xml.XmlBeanDefinitionReader - Loaded 2 bean definitions from class path resource [be/heh/petclinic/component/applicationContext.xml]
09:10:43.855 [Test worker] DEBUG org.springframework.beans.factory.support.DefaultListableBeanFactory - Creating shared instance of singleton bean 'dataSource'
09:10:43.956 [Test worker] INFO org.springframework.jdbc.datasource.DriverManagerDataSource - Loaded JDBC driver: com.mysql.jdbc.Driver
09:10:43.958 [Test worker] DEBUG org.springframework.beans.factory.support.DefaultListableBeanFactory - Creating shared instance of singleton bean 'vetComponent'
ici
src\be\heh\petclinic\sql\schemaVet.sql
09:10:44.013 [Test worker] DEBUG org.springframework.jdbc.datasource.DataSourceUtils - Fetching JDBC Connection from DataSource
09:10:44.013 [Test worker] DEBUG org.springframework.jdbc.datasource.DriverManagerDataSource - Creating new JDBC DriverManager Connection to [jdbc:mysql://192.168.99.100:3306/test]
09:10:44.457 [Test worker] INFO org.springframework.jdbc.datasource.init.ResourceDatabasePopulator - Executing SQL script from file [C:\Users\Hempte Maxime\Documents\Projet\petclinic\petclinic-core\src\be\heh\petclinic\sql\schemaVet.sql]
09:10:45.054 [Test worker] DEBUG org.springframework.jdbc.datasource.init.ResourceDatabasePopulator - 0 returned as updateCount for SQL: DROP TABLE IF EXISTS vet
09:10:46.254 [Test worker] DEBUG org.springframework.jdbc.datasource.init.ResourceDatabasePopulator - 0 returned as updateCount for SQL: CREATE TABLE vet ( id int NOT NULL AUTO_INCREMENT, lastname varchar(45) not null, firstname varchar(45) not null, speciality char(45) not null, primary key (id))
09:10:46.363 [Test worker] DEBUG org.springframework.jdbc.datasource.init.ResourceDatabasePopulator - 1 returned as updateCount for SQL: INSERT INTO vet (lastname, firstname, speciality) VALUES ("Carter", "James", "none")
09:10:46.507 [Test worker] DEBUG org.springframework.jdbc.datasource.init.ResourceDatabasePopulator - 1 returned as updateCount for SQL: INSERT INTO vet (lastname, firstname, speciality) VALUES ("Helen", "Leary", "radiology")
09:10:46.804 [Test worker] DEBUG org.springframework.jdbc.datasource.init.ResourceDatabasePopulator - 1 returned as updateCount for SQL: INSERT INTO vet (lastname, firstname, speciality) VALUES ("Douglas", "Linda", "dentistry surgery")
09:10:46.982 [Test worker] DEBUG org.springframework.jdbc.datasource.init.ResourceDatabasePopulator - 1 returned as updateCount for SQL: INSERT INTO vet (lastname, firstname, speciality) VALUES ("Ortega", "Rafael", "surgery")
09:10:47.115 [Test worker] DEBUG org.springframework.jdbc.datasource.init.ResourceDatabasePopulator - 1 returned as updateCount for SQL: INSERT INTO vet (lastname, firstname, speciality) VALUES ("Stevens", "Henry","radiology")
09:10:47.236 [Test worker] DEBUG org.springframework.jdbc.datasource.init.ResourceDatabasePopulator - 1 returned as updateCount for SQL: INSERT INTO vet (lastname, firstname, speciality) VALUES ("Jenkins", "Sharon","none")
09:10:47.237 [Test worker] INFO org.springframework.jdbc.datasource.init.ResourceDatabasePopulator - Done executing SQL script from file [C:\Users\Hempte Maxime\Documents\Projet\petclinic\petclinic-core\src\be\heh\petclinic\sql\schemaVet.sql] in 2779 ms.
09:10:47.237 [Test worker] DEBUG org.springframework.jdbc.datasource.DataSourceUtils - Returning JDBC Connection to DataSource
09:10:47.267 [Test worker] DEBUG org.springframework.jdbc.core.JdbcTemplate - Executing SQL query [SELECT lastname, firstname, speciality FROM vet]
09:10:47.268 [Test worker] DEBUG org.springframework.jdbc.datasource.DataSourceUtils - Fetching JDBC Connection from DataSource
09:10:47.269 [Test worker] DEBUG org.springframework.jdbc.datasource.DriverManagerDataSource - Creating new JDBC DriverManager Connection to [jdbc:mysql://192.168.99.100:3306/test]
09:10:47.328 [Test worker] DEBUG org.springframework.jdbc.datasource.DataSourceUtils - Returning JDBC Connection to DataSource
]]></system-out>
  <system-err><![CDATA[Loading class `com.mysql.jdbc.Driver'. This is deprecated. The new driver class is `com.mysql.cj.jdbc.Driver'. The driver is automatically registered via the SPI and manual loading of the driver class is generally unnecessary.
Mon Nov 12 09:10:44 CET 2018 WARN: Establishing SSL connection without server's identity verification is not recommended. According to MySQL 5.5.45+, 5.6.26+ and 5.7.6+ requirements SSL connection must be established by default if explicit option isn't set. For compliance with existing applications not using SSL the verifyServerCertificate property is set to 'false'. You need either to explicitly disable SSL by setting useSSL=false, or set useSSL=true and provide truststore for server certificate verification.
Mon Nov 12 09:10:47 CET 2018 WARN: Establishing SSL connection without server's identity verification is not recommended. According to MySQL 5.5.45+, 5.6.26+ and 5.7.6+ requirements SSL connection must be established by default if explicit option isn't set. For compliance with existing applications not using SSL the verifyServerCertificate property is set to 'false'. You need either to explicitly disable SSL by setting useSSL=false, or set useSSL=true and provide truststore for server certificate verification.
]]></system-err>
</testsuite>
