<?xml version="1.0" encoding="UTF-8"?>
<testsuite name="be.heh.petclinic.component.vet.JdbcVetDaoTest" tests="1" skipped="0" failures="0" errors="0" timestamp="2018-11-16T11:52:50" hostname="DESKTOP-IISQM2V" time="0.05">
  <properties/>
  <testcase name="test_getVets()" classname="be.heh.petclinic.component.vet.JdbcVetDaoTest" time="0.05"/>
  <system-out><![CDATA[12:52:45.898 [Test worker] DEBUG org.springframework.context.support.ClassPathXmlApplicationContext - Refreshing org.springframework.context.support.ClassPathXmlApplicationContext@7b16d81f
12:52:45.941 [Test worker] DEBUG org.springframework.beans.factory.support.DefaultListableBeanFactory - Alias definition 'dataSource' ignored since it points to same name
12:52:45.941 [Test worker] DEBUG org.springframework.beans.factory.xml.XmlBeanDefinitionReader - Loaded 2 bean definitions from class path resource [be/heh/petclinic/component/applicationContext.xml]
12:52:45.942 [Test worker] DEBUG org.springframework.beans.factory.support.DefaultListableBeanFactory - Creating shared instance of singleton bean 'dataSource'
12:52:45.943 [Test worker] INFO org.springframework.jdbc.datasource.DriverManagerDataSource - Loaded JDBC driver: com.mysql.jdbc.Driver
12:52:45.943 [Test worker] DEBUG org.springframework.beans.factory.support.DefaultListableBeanFactory - Creating shared instance of singleton bean 'vetComponent'
ici
src\be\heh\petclinic\sql\schemaOwner.sql
12:52:45.946 [Test worker] DEBUG org.springframework.jdbc.datasource.DataSourceUtils - Fetching JDBC Connection from DataSource
12:52:45.946 [Test worker] DEBUG org.springframework.jdbc.datasource.DriverManagerDataSource - Creating new JDBC DriverManager Connection to [jdbc:mysql://192.168.99.100:3306/test]
12:52:46.021 [Test worker] INFO org.springframework.jdbc.datasource.init.ResourceDatabasePopulator - Executing SQL script from file [C:\Users\Hempte Maxime\Documents\Projet\petclinic\petclinic-core\src\be\heh\petclinic\sql\schemaOwner.sql]
12:52:46.336 [Test worker] DEBUG org.springframework.jdbc.datasource.init.ResourceDatabasePopulator - 0 returned as updateCount for SQL: DROP TABLE IF EXISTS owner
12:52:46.824 [Test worker] DEBUG org.springframework.jdbc.datasource.init.ResourceDatabasePopulator - 0 returned as updateCount for SQL: CREATE TABLE owner ( id int NOT NULL AUTO_INCREMENT, lastname varchar(45) not null, firstname varchar(45) not null, address varchar(45) not null, city varchar(45) not null, telephone varchar(45) not null, primary key (id))
12:52:46.884 [Test worker] DEBUG org.springframework.jdbc.datasource.init.ResourceDatabasePopulator - 1 returned as updateCount for SQL: INSERT INTO owner (lastname, firstname, address,city,telephone) VALUES ("Franklin","George","10 W.Liberty St.","Madison","6085551023")
12:52:46.945 [Test worker] DEBUG org.springframework.jdbc.datasource.init.ResourceDatabasePopulator - 1 returned as updateCount for SQL: INSERT INTO owner (lastname, firstname, address,city,telephone) VALUES ("Davis","Betty","638 Cardinal Ave.","Sun Prairie","6085551749")
12:52:47.039 [Test worker] DEBUG org.springframework.jdbc.datasource.init.ResourceDatabasePopulator - 1 returned as updateCount for SQL: INSERT INTO owner (lastname, firstname, address,city,telephone) VALUES ("Rodriquez","Eduardo","2693 Commerce St.","McFarland", "6085558763")
12:52:47.039 [Test worker] INFO org.springframework.jdbc.datasource.init.ResourceDatabasePopulator - Done executing SQL script from file [C:\Users\Hempte Maxime\Documents\Projet\petclinic\petclinic-core\src\be\heh\petclinic\sql\schemaOwner.sql] in 1018 ms.
12:52:47.039 [Test worker] DEBUG org.springframework.jdbc.datasource.DataSourceUtils - Returning JDBC Connection to DataSource
src\be\heh\petclinic\sql\schemaVet.sql
12:52:47.040 [Test worker] DEBUG org.springframework.jdbc.datasource.DataSourceUtils - Fetching JDBC Connection from DataSource
12:52:47.040 [Test worker] DEBUG org.springframework.jdbc.datasource.DriverManagerDataSource - Creating new JDBC DriverManager Connection to [jdbc:mysql://192.168.99.100:3306/test]
12:52:47.081 [Test worker] INFO org.springframework.jdbc.datasource.init.ResourceDatabasePopulator - Executing SQL script from file [C:\Users\Hempte Maxime\Documents\Projet\petclinic\petclinic-core\src\be\heh\petclinic\sql\schemaOwner.sql]
12:52:47.326 [Test worker] DEBUG org.springframework.jdbc.datasource.init.ResourceDatabasePopulator - 0 returned as updateCount for SQL: DROP TABLE IF EXISTS owner
12:52:47.825 [Test worker] DEBUG org.springframework.jdbc.datasource.init.ResourceDatabasePopulator - 0 returned as updateCount for SQL: CREATE TABLE owner ( id int NOT NULL AUTO_INCREMENT, lastname varchar(45) not null, firstname varchar(45) not null, address varchar(45) not null, city varchar(45) not null, telephone varchar(45) not null, primary key (id))
12:52:47.886 [Test worker] DEBUG org.springframework.jdbc.datasource.init.ResourceDatabasePopulator - 1 returned as updateCount for SQL: INSERT INTO owner (lastname, firstname, address,city,telephone) VALUES ("Franklin","George","10 W.Liberty St.","Madison","6085551023")
12:52:47.946 [Test worker] DEBUG org.springframework.jdbc.datasource.init.ResourceDatabasePopulator - 1 returned as updateCount for SQL: INSERT INTO owner (lastname, firstname, address,city,telephone) VALUES ("Davis","Betty","638 Cardinal Ave.","Sun Prairie","6085551749")
12:52:48.029 [Test worker] DEBUG org.springframework.jdbc.datasource.init.ResourceDatabasePopulator - 1 returned as updateCount for SQL: INSERT INTO owner (lastname, firstname, address,city,telephone) VALUES ("Rodriquez","Eduardo","2693 Commerce St.","McFarland", "6085558763")
12:52:48.029 [Test worker] INFO org.springframework.jdbc.datasource.init.ResourceDatabasePopulator - Done executing SQL script from file [C:\Users\Hempte Maxime\Documents\Projet\petclinic\petclinic-core\src\be\heh\petclinic\sql\schemaOwner.sql] in 947 ms.
12:52:48.029 [Test worker] INFO org.springframework.jdbc.datasource.init.ResourceDatabasePopulator - Executing SQL script from file [C:\Users\Hempte Maxime\Documents\Projet\petclinic\petclinic-core\src\be\heh\petclinic\sql\schemaVet.sql]
12:52:48.315 [Test worker] DEBUG org.springframework.jdbc.datasource.init.ResourceDatabasePopulator - 0 returned as updateCount for SQL: DROP TABLE IF EXISTS vet
12:52:49.119 [Test worker] DEBUG org.springframework.jdbc.datasource.init.ResourceDatabasePopulator - 0 returned as updateCount for SQL: CREATE TABLE vet ( id int NOT NULL AUTO_INCREMENT, lastname varchar(45) not null, firstname varchar(45) not null, speciality char(45) not null, primary key (id))
12:52:49.240 [Test worker] DEBUG org.springframework.jdbc.datasource.init.ResourceDatabasePopulator - 1 returned as updateCount for SQL: INSERT INTO vet (lastname, firstname, speciality) VALUES ("Carter", "James", "none")
12:52:49.733 [Test worker] DEBUG org.springframework.jdbc.datasource.init.ResourceDatabasePopulator - 1 returned as updateCount for SQL: INSERT INTO vet (lastname, firstname, speciality) VALUES ("Helen", "Leary", "radiology")
12:52:49.793 [Test worker] DEBUG org.springframework.jdbc.datasource.init.ResourceDatabasePopulator - 1 returned as updateCount for SQL: INSERT INTO vet (lastname, firstname, speciality) VALUES ("Douglas", "Linda", "dentistry surgery")
12:52:49.853 [Test worker] DEBUG org.springframework.jdbc.datasource.init.ResourceDatabasePopulator - 1 returned as updateCount for SQL: INSERT INTO vet (lastname, firstname, speciality) VALUES ("Ortega", "Rafael", "surgery")
12:52:49.936 [Test worker] DEBUG org.springframework.jdbc.datasource.init.ResourceDatabasePopulator - 1 returned as updateCount for SQL: INSERT INTO vet (lastname, firstname, speciality) VALUES ("Stevens", "Henry","radiology")
12:52:50.011 [Test worker] DEBUG org.springframework.jdbc.datasource.init.ResourceDatabasePopulator - 1 returned as updateCount for SQL: INSERT INTO vet (lastname, firstname, speciality) VALUES ("Jenkins", "Sharon","none")
12:52:50.011 [Test worker] INFO org.springframework.jdbc.datasource.init.ResourceDatabasePopulator - Done executing SQL script from file [C:\Users\Hempte Maxime\Documents\Projet\petclinic\petclinic-core\src\be\heh\petclinic\sql\schemaVet.sql] in 1982 ms.
12:52:50.011 [Test worker] DEBUG org.springframework.jdbc.datasource.DataSourceUtils - Returning JDBC Connection to DataSource
12:52:50.015 [Test worker] DEBUG org.springframework.jdbc.core.JdbcTemplate - Executing SQL query [SELECT lastname, firstname, speciality FROM vet]
12:52:50.015 [Test worker] DEBUG org.springframework.jdbc.datasource.DataSourceUtils - Fetching JDBC Connection from DataSource
12:52:50.015 [Test worker] DEBUG org.springframework.jdbc.datasource.DriverManagerDataSource - Creating new JDBC DriverManager Connection to [jdbc:mysql://192.168.99.100:3306/test]
12:52:50.062 [Test worker] DEBUG org.springframework.jdbc.datasource.DataSourceUtils - Returning JDBC Connection to DataSource
]]></system-out>
  <system-err><![CDATA[Fri Nov 16 12:52:45 CET 2018 WARN: Establishing SSL connection without server's identity verification is not recommended. According to MySQL 5.5.45+, 5.6.26+ and 5.7.6+ requirements SSL connection must be established by default if explicit option isn't set. For compliance with existing applications not using SSL the verifyServerCertificate property is set to 'false'. You need either to explicitly disable SSL by setting useSSL=false, or set useSSL=true and provide truststore for server certificate verification.
Fri Nov 16 12:52:47 CET 2018 WARN: Establishing SSL connection without server's identity verification is not recommended. According to MySQL 5.5.45+, 5.6.26+ and 5.7.6+ requirements SSL connection must be established by default if explicit option isn't set. For compliance with existing applications not using SSL the verifyServerCertificate property is set to 'false'. You need either to explicitly disable SSL by setting useSSL=false, or set useSSL=true and provide truststore for server certificate verification.
Fri Nov 16 12:52:50 CET 2018 WARN: Establishing SSL connection without server's identity verification is not recommended. According to MySQL 5.5.45+, 5.6.26+ and 5.7.6+ requirements SSL connection must be established by default if explicit option isn't set. For compliance with existing applications not using SSL the verifyServerCertificate property is set to 'false'. You need either to explicitly disable SSL by setting useSSL=false, or set useSSL=true and provide truststore for server certificate verification.
]]></system-err>
</testsuite>
