<?xml version="1.0" encoding="UTF-8"?>
<testsuite name="be.heh.petclinic.component.pet.PetComponentTests" tests="1" skipped="0" failures="0" errors="0" timestamp="2018-11-27T15:29:17" hostname="DESKTOP-IISQM2V" time="0.742">
  <properties/>
  <testcase name="test()" classname="be.heh.petclinic.component.pet.PetComponentTests" time="0.742"/>
  <system-out><![CDATA[16:28:55.110 [Test worker] DEBUG org.springframework.context.support.ClassPathXmlApplicationContext - Refreshing org.springframework.context.support.ClassPathXmlApplicationContext@54d0eef1
16:28:55.157 [Test worker] DEBUG org.springframework.beans.factory.support.DefaultListableBeanFactory - Alias definition 'dataSource' ignored since it points to same name
16:28:55.225 [Test worker] DEBUG org.springframework.beans.factory.xml.XmlBeanDefinitionReader - Loaded 6 bean definitions from URL [file:/C:/Users/Hempte%20Maxime/Documents/Projet/petclinic/petclinic-core/build/resources/main/be/heh/petclinic/config.xml]
16:28:55.265 [Test worker] DEBUG org.springframework.beans.factory.xml.XmlBeanDefinitionReader - Loaded 1 bean definitions from file [C:\Users\Hempte Maxime\Documents\Projet\petclinic\petclinic-core\build\resources\main\be\heh\petclinic\component\owner\component.xml]
16:28:55.284 [Test worker] DEBUG org.springframework.beans.factory.xml.XmlBeanDefinitionReader - Loaded 1 bean definitions from file [C:\Users\Hempte Maxime\Documents\Projet\petclinic\petclinic-core\build\resources\main\be\heh\petclinic\component\pet\component.xml]
16:28:55.309 [Test worker] DEBUG org.springframework.beans.factory.xml.XmlBeanDefinitionReader - Loaded 1 bean definitions from file [C:\Users\Hempte Maxime\Documents\Projet\petclinic\petclinic-core\build\resources\main\be\heh\petclinic\component\vet\component.xml]
16:28:55.310 [Test worker] DEBUG org.springframework.beans.factory.xml.XmlBeanDefinitionReader - Loaded 9 bean definitions from class path resource [be/heh/petclinic/component/applicationContext.xml]
16:28:55.310 [Test worker] DEBUG org.springframework.beans.factory.support.DefaultListableBeanFactory - Creating shared instance of singleton bean 'org.springframework.context.annotation.internalConfigurationAnnotationProcessor'
16:28:55.317 [Test worker] DEBUG org.springframework.beans.factory.support.DefaultListableBeanFactory - Creating shared instance of singleton bean 'org.springframework.context.event.internalEventListenerProcessor'
16:28:55.319 [Test worker] DEBUG org.springframework.beans.factory.support.DefaultListableBeanFactory - Creating shared instance of singleton bean 'org.springframework.context.event.internalEventListenerFactory'
16:28:55.319 [Test worker] DEBUG org.springframework.beans.factory.support.DefaultListableBeanFactory - Creating shared instance of singleton bean 'org.springframework.context.annotation.internalAutowiredAnnotationProcessor'
16:28:55.322 [Test worker] DEBUG org.springframework.beans.factory.support.DefaultListableBeanFactory - Creating shared instance of singleton bean 'org.springframework.context.annotation.internalCommonAnnotationProcessor'
16:28:55.325 [Test worker] DEBUG org.springframework.beans.factory.support.DefaultListableBeanFactory - Creating shared instance of singleton bean 'dataSource'
16:28:55.333 [Test worker] DEBUG org.springframework.jdbc.datasource.DriverManagerDataSource - Loaded JDBC driver: com.mysql.jdbc.Driver
16:28:55.334 [Test worker] DEBUG org.springframework.beans.factory.support.DefaultListableBeanFactory - Creating shared instance of singleton bean 'ownerComponent'
16:28:55.336 [Test worker] DEBUG org.springframework.beans.factory.support.DefaultListableBeanFactory - Autowiring by type from bean name 'ownerComponent' via constructor to bean named 'dataSource'
16:28:55.336 [Test worker] DEBUG org.springframework.beans.factory.support.DefaultListableBeanFactory - Creating shared instance of singleton bean 'petComponent'
16:28:55.337 [Test worker] DEBUG org.springframework.beans.factory.support.DefaultListableBeanFactory - Creating shared instance of singleton bean 'vetComponent'
ici
src\be\heh\petclinic\sql\Pet_CreateTable.sql
16:28:55.343 [Test worker] DEBUG org.springframework.jdbc.datasource.DataSourceUtils - Fetching JDBC Connection from DataSource
16:28:55.343 [Test worker] DEBUG org.springframework.jdbc.datasource.DriverManagerDataSource - Creating new JDBC DriverManager Connection to [jdbc:mysql://192.168.99.100:3306/petclinic]
16:28:55.388 [Test worker] DEBUG org.springframework.jdbc.datasource.init.ScriptUtils - Executing SQL script from file [C:\Users\Hempte Maxime\Documents\Projet\petclinic\petclinic-core\src\be\heh\petclinic\sql\Pet_CreateTable.sql]
16:28:56.129 [Test worker] DEBUG org.springframework.jdbc.datasource.init.ScriptUtils - 0 returned as update count for SQL: DROP TABLE IF EXISTS pet
16:28:57.187 [Test worker] DEBUG org.springframework.jdbc.datasource.init.ScriptUtils - 0 returned as update count for SQL: CREATE TABLE pet ( id int NOT NULL AUTO_INCREMENT, name varchar(45) not null, birthdate date not null, typepet varchar(30) not null, ownerId int NOT NULL, primary key (id) )
16:28:57.414 [Test worker] DEBUG org.springframework.jdbc.datasource.init.ScriptUtils - 1 returned as update count for SQL: INSERT INTO pet (name, birthdate, typepet,ownerId) VALUES ("Grandma","2000-01-01","cat",1)
16:28:57.887 [Test worker] DEBUG org.springframework.jdbc.datasource.init.ScriptUtils - 1 returned as update count for SQL: INSERT INTO pet (name, birthdate, typepet,ownerId) VALUES ("Kaa","2018-10-25","snake",1)
16:28:58.231 [Test worker] DEBUG org.springframework.jdbc.datasource.init.ScriptUtils - 1 returned as update count for SQL: INSERT INTO pet (name, birthdate, typepet,ownerId) VALUES ("Leo","2010-09-07","hamster",1)
16:28:58.440 [Test worker] DEBUG org.springframework.jdbc.datasource.init.ScriptUtils - 1 returned as update count for SQL: INSERT INTO pet (name, birthdate, typepet,ownerId) VALUES ("Basil","2012-08-06","hamster",2)
16:28:58.691 [Test worker] DEBUG org.springframework.jdbc.datasource.init.ScriptUtils - 1 returned as update count for SQL: INSERT INTO pet (name, birthdate, typepet,ownerId) VALUES ("Jewel","2010-03-07","dog",3)
16:28:58.932 [Test worker] DEBUG org.springframework.jdbc.datasource.init.ScriptUtils - 1 returned as update count for SQL: INSERT INTO pet (name, birthdate, typepet,ownerId) VALUES ("Rosy","2011-04-17","dog",3)
16:28:58.933 [Test worker] DEBUG org.springframework.jdbc.datasource.init.ScriptUtils - Executed SQL script from file [C:\Users\Hempte Maxime\Documents\Projet\petclinic\petclinic-core\src\be\heh\petclinic\sql\Pet_CreateTable.sql] in 3544 ms.
16:28:58.934 [Test worker] DEBUG org.springframework.jdbc.datasource.DataSourceUtils - Returning JDBC Connection to DataSource
src\be\heh\petclinic\sql\schemaOwner.sql
16:28:58.934 [Test worker] DEBUG org.springframework.jdbc.datasource.DataSourceUtils - Fetching JDBC Connection from DataSource
16:28:58.934 [Test worker] DEBUG org.springframework.jdbc.datasource.DriverManagerDataSource - Creating new JDBC DriverManager Connection to [jdbc:mysql://192.168.99.100:3306/petclinic]
16:28:58.972 [Test worker] DEBUG org.springframework.jdbc.datasource.init.ScriptUtils - Executing SQL script from file [C:\Users\Hempte Maxime\Documents\Projet\petclinic\petclinic-core\src\be\heh\petclinic\sql\Pet_CreateTable.sql]
16:29:00.098 [Test worker] DEBUG org.springframework.jdbc.datasource.init.ScriptUtils - 0 returned as update count for SQL: DROP TABLE IF EXISTS pet
16:29:01.850 [Test worker] DEBUG org.springframework.jdbc.datasource.init.ScriptUtils - 0 returned as update count for SQL: CREATE TABLE pet ( id int NOT NULL AUTO_INCREMENT, name varchar(45) not null, birthdate date not null, typepet varchar(30) not null, ownerId int NOT NULL, primary key (id) )
16:29:02.288 [Test worker] DEBUG org.springframework.jdbc.datasource.init.ScriptUtils - 1 returned as update count for SQL: INSERT INTO pet (name, birthdate, typepet,ownerId) VALUES ("Grandma","2000-01-01","cat",1)
16:29:02.688 [Test worker] DEBUG org.springframework.jdbc.datasource.init.ScriptUtils - 1 returned as update count for SQL: INSERT INTO pet (name, birthdate, typepet,ownerId) VALUES ("Kaa","2018-10-25","snake",1)
16:29:02.884 [Test worker] DEBUG org.springframework.jdbc.datasource.init.ScriptUtils - 1 returned as update count for SQL: INSERT INTO pet (name, birthdate, typepet,ownerId) VALUES ("Leo","2010-09-07","hamster",1)
16:29:03.100 [Test worker] DEBUG org.springframework.jdbc.datasource.init.ScriptUtils - 1 returned as update count for SQL: INSERT INTO pet (name, birthdate, typepet,ownerId) VALUES ("Basil","2012-08-06","hamster",2)
16:29:03.271 [Test worker] DEBUG org.springframework.jdbc.datasource.init.ScriptUtils - 1 returned as update count for SQL: INSERT INTO pet (name, birthdate, typepet,ownerId) VALUES ("Jewel","2010-03-07","dog",3)
16:29:03.558 [Test worker] DEBUG org.springframework.jdbc.datasource.init.ScriptUtils - 1 returned as update count for SQL: INSERT INTO pet (name, birthdate, typepet,ownerId) VALUES ("Rosy","2011-04-17","dog",3)
16:29:03.559 [Test worker] DEBUG org.springframework.jdbc.datasource.init.ScriptUtils - Executed SQL script from file [C:\Users\Hempte Maxime\Documents\Projet\petclinic\petclinic-core\src\be\heh\petclinic\sql\Pet_CreateTable.sql] in 4587 ms.
16:29:03.560 [Test worker] DEBUG org.springframework.jdbc.datasource.init.ScriptUtils - Executing SQL script from file [C:\Users\Hempte Maxime\Documents\Projet\petclinic\petclinic-core\src\be\heh\petclinic\sql\schemaOwner.sql]
16:29:04.570 [Test worker] DEBUG org.springframework.jdbc.datasource.init.ScriptUtils - 0 returned as update count for SQL: DROP TABLE IF EXISTS owner
16:29:05.723 [Test worker] DEBUG org.springframework.jdbc.datasource.init.ScriptUtils - 0 returned as update count for SQL: CREATE TABLE owner ( id int NOT NULL AUTO_INCREMENT, lastname varchar(45) not null, firstname varchar(45) not null, address varchar(45) not null, city varchar(45) not null, telephone varchar(45) not null, pets varchar(200) not null, primary key (id))
16:29:05.894 [Test worker] DEBUG org.springframework.jdbc.datasource.init.ScriptUtils - 1 returned as update count for SQL: INSERT INTO owner (lastname, firstname, address,city,telephone,pets) VALUES ("Franklin","George","10 W.Liberty St.","Madison","6085551023","Grandma Kaa Leo")
16:29:06.054 [Test worker] DEBUG org.springframework.jdbc.datasource.init.ScriptUtils - 1 returned as update count for SQL: INSERT INTO owner (lastname, firstname, address,city,telephone,pets) VALUES ("Davis","Betty","638 Cardinal Ave.","Sun Prairie","6085551749","Basil")
16:29:06.248 [Test worker] DEBUG org.springframework.jdbc.datasource.init.ScriptUtils - 1 returned as update count for SQL: INSERT INTO owner (lastname, firstname, address,city,telephone,pets) VALUES ("Rodriquez","Eduardo","2693 Commerce St.","McFarland", "6085558763","Jewel Rosy")
16:29:06.249 [Test worker] DEBUG org.springframework.jdbc.datasource.init.ScriptUtils - Executed SQL script from file [C:\Users\Hempte Maxime\Documents\Projet\petclinic\petclinic-core\src\be\heh\petclinic\sql\schemaOwner.sql] in 2689 ms.
16:29:06.249 [Test worker] DEBUG org.springframework.jdbc.datasource.DataSourceUtils - Returning JDBC Connection to DataSource
src\be\heh\petclinic\sql\schemaVet.sql
16:29:06.250 [Test worker] DEBUG org.springframework.jdbc.datasource.DataSourceUtils - Fetching JDBC Connection from DataSource
16:29:06.250 [Test worker] DEBUG org.springframework.jdbc.datasource.DriverManagerDataSource - Creating new JDBC DriverManager Connection to [jdbc:mysql://192.168.99.100:3306/petclinic]
16:29:06.289 [Test worker] DEBUG org.springframework.jdbc.datasource.init.ScriptUtils - Executing SQL script from file [C:\Users\Hempte Maxime\Documents\Projet\petclinic\petclinic-core\src\be\heh\petclinic\sql\Pet_CreateTable.sql]
16:29:07.260 [Test worker] DEBUG org.springframework.jdbc.datasource.init.ScriptUtils - 0 returned as update count for SQL: DROP TABLE IF EXISTS pet
16:29:08.654 [Test worker] DEBUG org.springframework.jdbc.datasource.init.ScriptUtils - 0 returned as update count for SQL: CREATE TABLE pet ( id int NOT NULL AUTO_INCREMENT, name varchar(45) not null, birthdate date not null, typepet varchar(30) not null, ownerId int NOT NULL, primary key (id) )
16:29:09.019 [Test worker] DEBUG org.springframework.jdbc.datasource.init.ScriptUtils - 1 returned as update count for SQL: INSERT INTO pet (name, birthdate, typepet,ownerId) VALUES ("Grandma","2000-01-01","cat",1)
16:29:09.413 [Test worker] DEBUG org.springframework.jdbc.datasource.init.ScriptUtils - 1 returned as update count for SQL: INSERT INTO pet (name, birthdate, typepet,ownerId) VALUES ("Kaa","2018-10-25","snake",1)
16:29:09.661 [Test worker] DEBUG org.springframework.jdbc.datasource.init.ScriptUtils - 1 returned as update count for SQL: INSERT INTO pet (name, birthdate, typepet,ownerId) VALUES ("Leo","2010-09-07","hamster",1)
16:29:09.871 [Test worker] DEBUG org.springframework.jdbc.datasource.init.ScriptUtils - 1 returned as update count for SQL: INSERT INTO pet (name, birthdate, typepet,ownerId) VALUES ("Basil","2012-08-06","hamster",2)
16:29:10.076 [Test worker] DEBUG org.springframework.jdbc.datasource.init.ScriptUtils - 1 returned as update count for SQL: INSERT INTO pet (name, birthdate, typepet,ownerId) VALUES ("Jewel","2010-03-07","dog",3)
16:29:10.236 [Test worker] DEBUG org.springframework.jdbc.datasource.init.ScriptUtils - 1 returned as update count for SQL: INSERT INTO pet (name, birthdate, typepet,ownerId) VALUES ("Rosy","2011-04-17","dog",3)
16:29:10.237 [Test worker] DEBUG org.springframework.jdbc.datasource.init.ScriptUtils - Executed SQL script from file [C:\Users\Hempte Maxime\Documents\Projet\petclinic\petclinic-core\src\be\heh\petclinic\sql\Pet_CreateTable.sql] in 3948 ms.
16:29:10.237 [Test worker] DEBUG org.springframework.jdbc.datasource.init.ScriptUtils - Executing SQL script from file [C:\Users\Hempte Maxime\Documents\Projet\petclinic\petclinic-core\src\be\heh\petclinic\sql\schemaOwner.sql]
16:29:11.178 [Test worker] DEBUG org.springframework.jdbc.datasource.init.ScriptUtils - 0 returned as update count for SQL: DROP TABLE IF EXISTS owner
16:29:12.418 [Test worker] DEBUG org.springframework.jdbc.datasource.init.ScriptUtils - 0 returned as update count for SQL: CREATE TABLE owner ( id int NOT NULL AUTO_INCREMENT, lastname varchar(45) not null, firstname varchar(45) not null, address varchar(45) not null, city varchar(45) not null, telephone varchar(45) not null, pets varchar(200) not null, primary key (id))
16:29:12.637 [Test worker] DEBUG org.springframework.jdbc.datasource.init.ScriptUtils - 1 returned as update count for SQL: INSERT INTO owner (lastname, firstname, address,city,telephone,pets) VALUES ("Franklin","George","10 W.Liberty St.","Madison","6085551023","Grandma Kaa Leo")
16:29:13.099 [Test worker] DEBUG org.springframework.jdbc.datasource.init.ScriptUtils - 1 returned as update count for SQL: INSERT INTO owner (lastname, firstname, address,city,telephone,pets) VALUES ("Davis","Betty","638 Cardinal Ave.","Sun Prairie","6085551749","Basil")
16:29:13.269 [Test worker] DEBUG org.springframework.jdbc.datasource.init.ScriptUtils - 1 returned as update count for SQL: INSERT INTO owner (lastname, firstname, address,city,telephone,pets) VALUES ("Rodriquez","Eduardo","2693 Commerce St.","McFarland", "6085558763","Jewel Rosy")
16:29:13.270 [Test worker] DEBUG org.springframework.jdbc.datasource.init.ScriptUtils - Executed SQL script from file [C:\Users\Hempte Maxime\Documents\Projet\petclinic\petclinic-core\src\be\heh\petclinic\sql\schemaOwner.sql] in 3033 ms.
16:29:13.270 [Test worker] DEBUG org.springframework.jdbc.datasource.init.ScriptUtils - Executing SQL script from file [C:\Users\Hempte Maxime\Documents\Projet\petclinic\petclinic-core\src\be\heh\petclinic\sql\schemaVet.sql]
16:29:14.099 [Test worker] DEBUG org.springframework.jdbc.datasource.init.ScriptUtils - 0 returned as update count for SQL: DROP TABLE IF EXISTS vet
16:29:15.435 [Test worker] DEBUG org.springframework.jdbc.datasource.init.ScriptUtils - 0 returned as update count for SQL: CREATE TABLE vet ( id int NOT NULL AUTO_INCREMENT, lastname varchar(45) not null, firstname varchar(45) not null, speciality char(45) not null, primary key (id))
16:29:15.754 [Test worker] DEBUG org.springframework.jdbc.datasource.init.ScriptUtils - 1 returned as update count for SQL: INSERT INTO vet (lastname, firstname, speciality) VALUES ("Carter", "James", "none")
16:29:16.123 [Test worker] DEBUG org.springframework.jdbc.datasource.init.ScriptUtils - 1 returned as update count for SQL: INSERT INTO vet (lastname, firstname, speciality) VALUES ("Helen", "Leary", "radiology")
16:29:16.480 [Test worker] DEBUG org.springframework.jdbc.datasource.init.ScriptUtils - 1 returned as update count for SQL: INSERT INTO vet (lastname, firstname, speciality) VALUES ("Douglas", "Linda", "dentistry surgery")
16:29:16.878 [Test worker] DEBUG org.springframework.jdbc.datasource.init.ScriptUtils - 1 returned as update count for SQL: INSERT INTO vet (lastname, firstname, speciality) VALUES ("Ortega", "Rafael", "surgery")
16:29:17.040 [Test worker] DEBUG org.springframework.jdbc.datasource.init.ScriptUtils - 1 returned as update count for SQL: INSERT INTO vet (lastname, firstname, speciality) VALUES ("Stevens", "Henry","radiology")
16:29:17.211 [Test worker] DEBUG org.springframework.jdbc.datasource.init.ScriptUtils - 1 returned as update count for SQL: INSERT INTO vet (lastname, firstname, speciality) VALUES ("Jenkins", "Sharon","none")
16:29:17.212 [Test worker] DEBUG org.springframework.jdbc.datasource.init.ScriptUtils - Executed SQL script from file [C:\Users\Hempte Maxime\Documents\Projet\petclinic\petclinic-core\src\be\heh\petclinic\sql\schemaVet.sql] in 3941 ms.
16:29:17.213 [Test worker] DEBUG org.springframework.jdbc.datasource.DataSourceUtils - Returning JDBC Connection to DataSource
16:29:17.214 [Test worker] DEBUG org.springframework.jdbc.core.JdbcTemplate - Executing SQL query [SELECT * FROM pet]
16:29:17.215 [Test worker] DEBUG org.springframework.jdbc.datasource.DataSourceUtils - Fetching JDBC Connection from DataSource
16:29:17.215 [Test worker] DEBUG org.springframework.jdbc.datasource.DriverManagerDataSource - Creating new JDBC DriverManager Connection to [jdbc:mysql://192.168.99.100:3306/petclinic]
TETSTA : 0
TETSTA : 9
TETSTA : 8
TETSTA : 7
TETSTA : 2
TETSTA : 3
16:29:17.255 [Test worker] DEBUG org.springframework.jdbc.datasource.DataSourceUtils - Returning JDBC Connection to DataSource
PO : 2000 == 2000
PO : 2018 == 2018
PO : 2010 == 2010
PO : 2012 == 2012
PO : 2010 == 2010
PO : 2011 == 2011
16:29:17.262 [Test worker] DEBUG org.springframework.jdbc.core.JdbcTemplate - Executing prepared SQL update
16:29:17.262 [Test worker] DEBUG org.springframework.jdbc.core.JdbcTemplate - Executing prepared SQL statement [INSERT INTO pet (name, birthdate, typepet,ownerId) VALUES (?,?,?,?)]
16:29:17.262 [Test worker] DEBUG org.springframework.jdbc.datasource.DataSourceUtils - Fetching JDBC Connection from DataSource
16:29:17.263 [Test worker] DEBUG org.springframework.jdbc.datasource.DriverManagerDataSource - Creating new JDBC DriverManager Connection to [jdbc:mysql://192.168.99.100:3306/petclinic]
16:29:17.635 [Test worker] DEBUG org.springframework.jdbc.datasource.DataSourceUtils - Returning JDBC Connection to DataSource
16:29:17.636 [Test worker] DEBUG org.springframework.jdbc.core.JdbcTemplate - Executing SQL query [SELECT * FROM pet]
16:29:17.636 [Test worker] DEBUG org.springframework.jdbc.datasource.DataSourceUtils - Fetching JDBC Connection from DataSource
16:29:17.636 [Test worker] DEBUG org.springframework.jdbc.datasource.DriverManagerDataSource - Creating new JDBC DriverManager Connection to [jdbc:mysql://192.168.99.100:3306/petclinic]
TETSTA : 0
TETSTA : 9
TETSTA : 8
TETSTA : 7
TETSTA : 2
TETSTA : 3
TETSTA : 8
16:29:17.682 [Test worker] DEBUG org.springframework.jdbc.datasource.DataSourceUtils - Returning JDBC Connection to DataSource
PO : 2001 == 2001
16:29:17.683 [Test worker] DEBUG org.springframework.jdbc.core.JdbcTemplate - Executing prepared SQL update
16:29:17.683 [Test worker] DEBUG org.springframework.jdbc.core.JdbcTemplate - Executing prepared SQL statement [UPDATE pet SET name = ?, birthdate = ?, typepet = ? WHERE id = ?]
16:29:17.683 [Test worker] DEBUG org.springframework.jdbc.datasource.DataSourceUtils - Fetching JDBC Connection from DataSource
16:29:17.683 [Test worker] DEBUG org.springframework.jdbc.datasource.DriverManagerDataSource - Creating new JDBC DriverManager Connection to [jdbc:mysql://192.168.99.100:3306/petclinic]
16:29:17.909 [Test worker] DEBUG org.springframework.jdbc.datasource.DataSourceUtils - Returning JDBC Connection to DataSource
16:29:17.910 [Test worker] DEBUG org.springframework.jdbc.core.JdbcTemplate - Executing SQL query [SELECT * FROM pet]
16:29:17.910 [Test worker] DEBUG org.springframework.jdbc.datasource.DataSourceUtils - Fetching JDBC Connection from DataSource
16:29:17.910 [Test worker] DEBUG org.springframework.jdbc.datasource.DriverManagerDataSource - Creating new JDBC DriverManager Connection to [jdbc:mysql://192.168.99.100:3306/petclinic]
TETSTA : 0
TETSTA : 9
TETSTA : 8
TETSTA : 7
TETSTA : 2
TETSTA : 3
TETSTA : 9
16:29:17.955 [Test worker] DEBUG org.springframework.jdbc.datasource.DataSourceUtils - Returning JDBC Connection to DataSource
PO : 2007 == 2007
]]></system-out>
  <system-err><![CDATA[Tue Nov 27 16:28:55 CET 2018 WARN: Establishing SSL connection without server's identity verification is not recommended. According to MySQL 5.5.45+, 5.6.26+ and 5.7.6+ requirements SSL connection must be established by default if explicit option isn't set. For compliance with existing applications not using SSL the verifyServerCertificate property is set to 'false'. You need either to explicitly disable SSL by setting useSSL=false, or set useSSL=true and provide truststore for server certificate verification.
Tue Nov 27 16:28:58 CET 2018 WARN: Establishing SSL connection without server's identity verification is not recommended. According to MySQL 5.5.45+, 5.6.26+ and 5.7.6+ requirements SSL connection must be established by default if explicit option isn't set. For compliance with existing applications not using SSL the verifyServerCertificate property is set to 'false'. You need either to explicitly disable SSL by setting useSSL=false, or set useSSL=true and provide truststore for server certificate verification.
Tue Nov 27 16:29:06 CET 2018 WARN: Establishing SSL connection without server's identity verification is not recommended. According to MySQL 5.5.45+, 5.6.26+ and 5.7.6+ requirements SSL connection must be established by default if explicit option isn't set. For compliance with existing applications not using SSL the verifyServerCertificate property is set to 'false'. You need either to explicitly disable SSL by setting useSSL=false, or set useSSL=true and provide truststore for server certificate verification.
Tue Nov 27 16:29:17 CET 2018 WARN: Establishing SSL connection without server's identity verification is not recommended. According to MySQL 5.5.45+, 5.6.26+ and 5.7.6+ requirements SSL connection must be established by default if explicit option isn't set. For compliance with existing applications not using SSL the verifyServerCertificate property is set to 'false'. You need either to explicitly disable SSL by setting useSSL=false, or set useSSL=true and provide truststore for server certificate verification.
Tue Nov 27 16:29:17 CET 2018 WARN: Establishing SSL connection without server's identity verification is not recommended. According to MySQL 5.5.45+, 5.6.26+ and 5.7.6+ requirements SSL connection must be established by default if explicit option isn't set. For compliance with existing applications not using SSL the verifyServerCertificate property is set to 'false'. You need either to explicitly disable SSL by setting useSSL=false, or set useSSL=true and provide truststore for server certificate verification.
Tue Nov 27 16:29:17 CET 2018 WARN: Establishing SSL connection without server's identity verification is not recommended. According to MySQL 5.5.45+, 5.6.26+ and 5.7.6+ requirements SSL connection must be established by default if explicit option isn't set. For compliance with existing applications not using SSL the verifyServerCertificate property is set to 'false'. You need either to explicitly disable SSL by setting useSSL=false, or set useSSL=true and provide truststore for server certificate verification.
Tue Nov 27 16:29:17 CET 2018 WARN: Establishing SSL connection without server's identity verification is not recommended. According to MySQL 5.5.45+, 5.6.26+ and 5.7.6+ requirements SSL connection must be established by default if explicit option isn't set. For compliance with existing applications not using SSL the verifyServerCertificate property is set to 'false'. You need either to explicitly disable SSL by setting useSSL=false, or set useSSL=true and provide truststore for server certificate verification.
Tue Nov 27 16:29:17 CET 2018 WARN: Establishing SSL connection without server's identity verification is not recommended. According to MySQL 5.5.45+, 5.6.26+ and 5.7.6+ requirements SSL connection must be established by default if explicit option isn't set. For compliance with existing applications not using SSL the verifyServerCertificate property is set to 'false'. You need either to explicitly disable SSL by setting useSSL=false, or set useSSL=true and provide truststore for server certificate verification.
]]></system-err>
</testsuite>
