<?xml version="1.0" encoding="UTF-8"?>
<testsuite name="be.heh.petclinic.component.vet.JdbcVetDaoTest" tests="1" skipped="0" failures="0" errors="0" timestamp="2018-11-19T00:21:57" hostname="DESKTOP-IISQM2V" time="0.094">
  <properties/>
  <testcase name="test_getVets()" classname="be.heh.petclinic.component.vet.JdbcVetDaoTest" time="0.094"/>
  <system-out><![CDATA[01:21:52.692 [Test worker] DEBUG org.springframework.context.support.ClassPathXmlApplicationContext - Refreshing org.springframework.context.support.ClassPathXmlApplicationContext@7d724e2b
01:21:52.960 [Test worker] DEBUG org.springframework.beans.factory.support.DefaultListableBeanFactory - Alias definition 'dataSource' ignored since it points to same name
01:21:52.966 [Test worker] DEBUG org.springframework.beans.factory.xml.XmlBeanDefinitionReader - Loaded 2 bean definitions from class path resource [be/heh/petclinic/component/applicationContext.xml]
01:21:53.022 [Test worker] DEBUG org.springframework.beans.factory.support.DefaultListableBeanFactory - Creating shared instance of singleton bean 'dataSource'
01:21:53.161 [Test worker] DEBUG org.springframework.jdbc.datasource.DriverManagerDataSource - Loaded JDBC driver: com.mysql.jdbc.Driver
01:21:53.164 [Test worker] DEBUG org.springframework.beans.factory.support.DefaultListableBeanFactory - Creating shared instance of singleton bean 'vetComponent'
ici
src\be\heh\petclinic\sql\Pet_CreateTable.sql
01:21:53.243 [Test worker] DEBUG org.springframework.jdbc.datasource.DataSourceUtils - Fetching JDBC Connection from DataSource
01:21:53.243 [Test worker] DEBUG org.springframework.jdbc.datasource.DriverManagerDataSource - Creating new JDBC DriverManager Connection to [jdbc:mysql://192.168.99.100:3306/test]
01:21:53.849 [Test worker] DEBUG org.springframework.jdbc.datasource.init.ScriptUtils - Executing SQL script from file [C:\Users\Hempte Maxime\Documents\Projet\petclinic\petclinic-core\src\be\heh\petclinic\sql\Pet_CreateTable.sql]
01:21:54.168 [Test worker] DEBUG org.springframework.jdbc.datasource.init.ScriptUtils - 0 returned as update count for SQL: DROP TABLE IF EXISTS pet
01:21:54.909 [Test worker] DEBUG org.springframework.jdbc.datasource.init.ScriptUtils - 0 returned as update count for SQL: CREATE TABLE pet ( id int NOT NULL AUTO_INCREMENT, name varchar(45) not null, birthdate date not null, typepet varchar(30) not null, primary key (id) )
01:21:54.969 [Test worker] DEBUG org.springframework.jdbc.datasource.init.ScriptUtils - 1 returned as update count for SQL: INSERT INTO pet (name, birthdate, typepet) VALUES ("Titi","2015-01-01","bird")
01:21:55.238 [Test worker] DEBUG org.springframework.jdbc.datasource.init.ScriptUtils - 1 returned as update count for SQL: INSERT INTO pet (name, birthdate, typepet) VALUES ("Tardos","2013-12-31","dog")
01:21:55.298 [Test worker] DEBUG org.springframework.jdbc.datasource.init.ScriptUtils - 1 returned as update count for SQL: INSERT INTO pet (name, birthdate, typepet) VALUES ("Buzz","2011-07-15","rabbit")
01:21:55.300 [Test worker] DEBUG org.springframework.jdbc.datasource.init.ScriptUtils - Executed SQL script from file [C:\Users\Hempte Maxime\Documents\Projet\petclinic\petclinic-core\src\be\heh\petclinic\sql\Pet_CreateTable.sql] in 1450 ms.
01:21:55.301 [Test worker] DEBUG org.springframework.jdbc.datasource.DataSourceUtils - Returning JDBC Connection to DataSource
src\be\heh\petclinic\sql\schemaVet.sql
01:21:55.309 [Test worker] DEBUG org.springframework.jdbc.datasource.DataSourceUtils - Fetching JDBC Connection from DataSource
01:21:55.309 [Test worker] DEBUG org.springframework.jdbc.datasource.DriverManagerDataSource - Creating new JDBC DriverManager Connection to [jdbc:mysql://192.168.99.100:3306/test]
01:21:55.382 [Test worker] DEBUG org.springframework.jdbc.datasource.init.ScriptUtils - Executing SQL script from file [C:\Users\Hempte Maxime\Documents\Projet\petclinic\petclinic-core\src\be\heh\petclinic\sql\Pet_CreateTable.sql]
01:21:55.651 [Test worker] DEBUG org.springframework.jdbc.datasource.init.ScriptUtils - 0 returned as update count for SQL: DROP TABLE IF EXISTS pet
01:21:56.315 [Test worker] DEBUG org.springframework.jdbc.datasource.init.ScriptUtils - 0 returned as update count for SQL: CREATE TABLE pet ( id int NOT NULL AUTO_INCREMENT, name varchar(45) not null, birthdate date not null, typepet varchar(30) not null, primary key (id) )
01:21:56.433 [Test worker] DEBUG org.springframework.jdbc.datasource.init.ScriptUtils - 1 returned as update count for SQL: INSERT INTO pet (name, birthdate, typepet) VALUES ("Titi","2015-01-01","bird")
01:21:56.575 [Test worker] DEBUG org.springframework.jdbc.datasource.init.ScriptUtils - 1 returned as update count for SQL: INSERT INTO pet (name, birthdate, typepet) VALUES ("Tardos","2013-12-31","dog")
01:21:56.635 [Test worker] DEBUG org.springframework.jdbc.datasource.init.ScriptUtils - 1 returned as update count for SQL: INSERT INTO pet (name, birthdate, typepet) VALUES ("Buzz","2011-07-15","rabbit")
01:21:56.637 [Test worker] DEBUG org.springframework.jdbc.datasource.init.ScriptUtils - Executed SQL script from file [C:\Users\Hempte Maxime\Documents\Projet\petclinic\petclinic-core\src\be\heh\petclinic\sql\Pet_CreateTable.sql] in 1255 ms.
01:21:56.637 [Test worker] DEBUG org.springframework.jdbc.datasource.init.ScriptUtils - Executing SQL script from file [C:\Users\Hempte Maxime\Documents\Projet\petclinic\petclinic-core\src\be\heh\petclinic\sql\schemaVet.sql]
01:21:56.899 [Test worker] DEBUG org.springframework.jdbc.datasource.init.ScriptUtils - 0 returned as update count for SQL: DROP TABLE IF EXISTS vet
01:21:57.481 [Test worker] DEBUG org.springframework.jdbc.datasource.init.ScriptUtils - 0 returned as update count for SQL: CREATE TABLE vet ( id int NOT NULL AUTO_INCREMENT, lastname varchar(45) not null, firstname varchar(45) not null, speciality char(45) not null, primary key (id))
01:21:57.542 [Test worker] DEBUG org.springframework.jdbc.datasource.init.ScriptUtils - 1 returned as update count for SQL: INSERT INTO vet (lastname, firstname, speciality) VALUES ("Carter", "James", "none")
01:21:57.651 [Test worker] DEBUG org.springframework.jdbc.datasource.init.ScriptUtils - 1 returned as update count for SQL: INSERT INTO vet (lastname, firstname, speciality) VALUES ("Helen", "Leary", "radiology")
01:21:57.711 [Test worker] DEBUG org.springframework.jdbc.datasource.init.ScriptUtils - 1 returned as update count for SQL: INSERT INTO vet (lastname, firstname, speciality) VALUES ("Douglas", "Linda", "dentistry surgery")
01:21:57.772 [Test worker] DEBUG org.springframework.jdbc.datasource.init.ScriptUtils - 1 returned as update count for SQL: INSERT INTO vet (lastname, firstname, speciality) VALUES ("Ortega", "Rafael", "surgery")
01:21:57.833 [Test worker] DEBUG org.springframework.jdbc.datasource.init.ScriptUtils - 1 returned as update count for SQL: INSERT INTO vet (lastname, firstname, speciality) VALUES ("Stevens", "Henry","radiology")
01:21:57.893 [Test worker] DEBUG org.springframework.jdbc.datasource.init.ScriptUtils - 1 returned as update count for SQL: INSERT INTO vet (lastname, firstname, speciality) VALUES ("Jenkins", "Sharon","none")
01:21:57.895 [Test worker] DEBUG org.springframework.jdbc.datasource.init.ScriptUtils - Executed SQL script from file [C:\Users\Hempte Maxime\Documents\Projet\petclinic\petclinic-core\src\be\heh\petclinic\sql\schemaVet.sql] in 1258 ms.
01:21:57.895 [Test worker] DEBUG org.springframework.jdbc.datasource.DataSourceUtils - Returning JDBC Connection to DataSource
01:21:57.911 [Test worker] DEBUG org.springframework.jdbc.core.JdbcTemplate - Executing SQL query [SELECT lastname, firstname, speciality FROM vet]
01:21:57.912 [Test worker] DEBUG org.springframework.jdbc.datasource.DataSourceUtils - Fetching JDBC Connection from DataSource
01:21:57.912 [Test worker] DEBUG org.springframework.jdbc.datasource.DriverManagerDataSource - Creating new JDBC DriverManager Connection to [jdbc:mysql://192.168.99.100:3306/test]
01:21:57.987 [Test worker] DEBUG org.springframework.jdbc.datasource.DataSourceUtils - Returning JDBC Connection to DataSource
]]></system-out>
  <system-err><![CDATA[Loading class `com.mysql.jdbc.Driver'. This is deprecated. The new driver class is `com.mysql.cj.jdbc.Driver'. The driver is automatically registered via the SPI and manual loading of the driver class is generally unnecessary.
Mon Nov 19 01:21:53 CET 2018 WARN: Establishing SSL connection without server's identity verification is not recommended. According to MySQL 5.5.45+, 5.6.26+ and 5.7.6+ requirements SSL connection must be established by default if explicit option isn't set. For compliance with existing applications not using SSL the verifyServerCertificate property is set to 'false'. You need either to explicitly disable SSL by setting useSSL=false, or set useSSL=true and provide truststore for server certificate verification.
Mon Nov 19 01:21:55 CET 2018 WARN: Establishing SSL connection without server's identity verification is not recommended. According to MySQL 5.5.45+, 5.6.26+ and 5.7.6+ requirements SSL connection must be established by default if explicit option isn't set. For compliance with existing applications not using SSL the verifyServerCertificate property is set to 'false'. You need either to explicitly disable SSL by setting useSSL=false, or set useSSL=true and provide truststore for server certificate verification.
Mon Nov 19 01:21:57 CET 2018 WARN: Establishing SSL connection without server's identity verification is not recommended. According to MySQL 5.5.45+, 5.6.26+ and 5.7.6+ requirements SSL connection must be established by default if explicit option isn't set. For compliance with existing applications not using SSL the verifyServerCertificate property is set to 'false'. You need either to explicitly disable SSL by setting useSSL=false, or set useSSL=true and provide truststore for server certificate verification.
]]></system-err>
</testsuite>
