<?xml version="1.0" encoding="UTF-8"?>
<testsuite name="be.heh.petclinic.component.vet.VetComponentTests" tests="1" skipped="0" failures="0" errors="0" timestamp="2018-11-27T15:29:40" hostname="DESKTOP-IISQM2V" time="0.053">
  <properties/>
  <testcase name="getVets()" classname="be.heh.petclinic.component.vet.VetComponentTests" time="0.053"/>
  <system-out><![CDATA[16:29:17.958 [Test worker] DEBUG org.springframework.context.support.ClassPathXmlApplicationContext - Refreshing org.springframework.context.support.ClassPathXmlApplicationContext@6b3bd84f
16:29:18.012 [Test worker] DEBUG org.springframework.beans.factory.support.DefaultListableBeanFactory - Alias definition 'dataSource' ignored since it points to same name
16:29:18.060 [Test worker] DEBUG org.springframework.beans.factory.xml.XmlBeanDefinitionReader - Loaded 6 bean definitions from URL [file:/C:/Users/Hempte%20Maxime/Documents/Projet/petclinic/petclinic-core/build/resources/main/be/heh/petclinic/config.xml]
16:29:18.098 [Test worker] DEBUG org.springframework.beans.factory.xml.XmlBeanDefinitionReader - Loaded 1 bean definitions from file [C:\Users\Hempte Maxime\Documents\Projet\petclinic\petclinic-core\build\resources\main\be\heh\petclinic\component\owner\component.xml]
16:29:18.108 [Test worker] DEBUG org.springframework.beans.factory.xml.XmlBeanDefinitionReader - Loaded 1 bean definitions from file [C:\Users\Hempte Maxime\Documents\Projet\petclinic\petclinic-core\build\resources\main\be\heh\petclinic\component\pet\component.xml]
16:29:18.121 [Test worker] DEBUG org.springframework.beans.factory.xml.XmlBeanDefinitionReader - Loaded 1 bean definitions from file [C:\Users\Hempte Maxime\Documents\Projet\petclinic\petclinic-core\build\resources\main\be\heh\petclinic\component\vet\component.xml]
16:29:18.121 [Test worker] DEBUG org.springframework.beans.factory.xml.XmlBeanDefinitionReader - Loaded 9 bean definitions from class path resource [be/heh/petclinic/component/applicationContext.xml]
16:29:18.122 [Test worker] DEBUG org.springframework.beans.factory.support.DefaultListableBeanFactory - Creating shared instance of singleton bean 'org.springframework.context.annotation.internalConfigurationAnnotationProcessor'
16:29:18.125 [Test worker] DEBUG org.springframework.beans.factory.support.DefaultListableBeanFactory - Creating shared instance of singleton bean 'org.springframework.context.event.internalEventListenerProcessor'
16:29:18.126 [Test worker] DEBUG org.springframework.beans.factory.support.DefaultListableBeanFactory - Creating shared instance of singleton bean 'org.springframework.context.event.internalEventListenerFactory'
16:29:18.126 [Test worker] DEBUG org.springframework.beans.factory.support.DefaultListableBeanFactory - Creating shared instance of singleton bean 'org.springframework.context.annotation.internalAutowiredAnnotationProcessor'
16:29:18.129 [Test worker] DEBUG org.springframework.beans.factory.support.DefaultListableBeanFactory - Creating shared instance of singleton bean 'org.springframework.context.annotation.internalCommonAnnotationProcessor'
16:29:18.130 [Test worker] DEBUG org.springframework.beans.factory.support.DefaultListableBeanFactory - Creating shared instance of singleton bean 'dataSource'
16:29:18.133 [Test worker] DEBUG org.springframework.jdbc.datasource.DriverManagerDataSource - Loaded JDBC driver: com.mysql.jdbc.Driver
16:29:18.133 [Test worker] DEBUG org.springframework.beans.factory.support.DefaultListableBeanFactory - Creating shared instance of singleton bean 'ownerComponent'
16:29:18.134 [Test worker] DEBUG org.springframework.beans.factory.support.DefaultListableBeanFactory - Autowiring by type from bean name 'ownerComponent' via constructor to bean named 'dataSource'
16:29:18.135 [Test worker] DEBUG org.springframework.beans.factory.support.DefaultListableBeanFactory - Creating shared instance of singleton bean 'petComponent'
16:29:18.137 [Test worker] DEBUG org.springframework.beans.factory.support.DefaultListableBeanFactory - Creating shared instance of singleton bean 'vetComponent'
ici
src\be\heh\petclinic\sql\Pet_CreateTable.sql
16:29:18.144 [Test worker] DEBUG org.springframework.jdbc.datasource.DataSourceUtils - Fetching JDBC Connection from DataSource
16:29:18.144 [Test worker] DEBUG org.springframework.jdbc.datasource.DriverManagerDataSource - Creating new JDBC DriverManager Connection to [jdbc:mysql://192.168.99.100:3306/petclinic]
16:29:18.198 [Test worker] DEBUG org.springframework.jdbc.datasource.init.ScriptUtils - Executing SQL script from file [C:\Users\Hempte Maxime\Documents\Projet\petclinic\petclinic-core\src\be\heh\petclinic\sql\Pet_CreateTable.sql]
16:29:19.243 [Test worker] DEBUG org.springframework.jdbc.datasource.init.ScriptUtils - 0 returned as update count for SQL: DROP TABLE IF EXISTS pet
16:29:20.443 [Test worker] DEBUG org.springframework.jdbc.datasource.init.ScriptUtils - 0 returned as update count for SQL: CREATE TABLE pet ( id int NOT NULL AUTO_INCREMENT, name varchar(45) not null, birthdate date not null, typepet varchar(30) not null, ownerId int NOT NULL, primary key (id) )
16:29:20.718 [Test worker] DEBUG org.springframework.jdbc.datasource.init.ScriptUtils - 1 returned as update count for SQL: INSERT INTO pet (name, birthdate, typepet,ownerId) VALUES ("Grandma","2000-01-01","cat",1)
16:29:20.928 [Test worker] DEBUG org.springframework.jdbc.datasource.init.ScriptUtils - 1 returned as update count for SQL: INSERT INTO pet (name, birthdate, typepet,ownerId) VALUES ("Kaa","2018-10-25","snake",1)
16:29:21.238 [Test worker] DEBUG org.springframework.jdbc.datasource.init.ScriptUtils - 1 returned as update count for SQL: INSERT INTO pet (name, birthdate, typepet,ownerId) VALUES ("Leo","2010-09-07","hamster",1)
16:29:21.912 [Test worker] DEBUG org.springframework.jdbc.datasource.init.ScriptUtils - 1 returned as update count for SQL: INSERT INTO pet (name, birthdate, typepet,ownerId) VALUES ("Basil","2012-08-06","hamster",2)
16:29:22.106 [Test worker] DEBUG org.springframework.jdbc.datasource.init.ScriptUtils - 1 returned as update count for SQL: INSERT INTO pet (name, birthdate, typepet,ownerId) VALUES ("Jewel","2010-03-07","dog",3)
16:29:22.417 [Test worker] DEBUG org.springframework.jdbc.datasource.init.ScriptUtils - 1 returned as update count for SQL: INSERT INTO pet (name, birthdate, typepet,ownerId) VALUES ("Rosy","2011-04-17","dog",3)
16:29:22.418 [Test worker] DEBUG org.springframework.jdbc.datasource.init.ScriptUtils - Executed SQL script from file [C:\Users\Hempte Maxime\Documents\Projet\petclinic\petclinic-core\src\be\heh\petclinic\sql\Pet_CreateTable.sql] in 4219 ms.
16:29:22.418 [Test worker] DEBUG org.springframework.jdbc.datasource.DataSourceUtils - Returning JDBC Connection to DataSource
src\be\heh\petclinic\sql\schemaOwner.sql
16:29:22.419 [Test worker] DEBUG org.springframework.jdbc.datasource.DataSourceUtils - Fetching JDBC Connection from DataSource
16:29:22.419 [Test worker] DEBUG org.springframework.jdbc.datasource.DriverManagerDataSource - Creating new JDBC DriverManager Connection to [jdbc:mysql://192.168.99.100:3306/petclinic]
16:29:22.457 [Test worker] DEBUG org.springframework.jdbc.datasource.init.ScriptUtils - Executing SQL script from file [C:\Users\Hempte Maxime\Documents\Projet\petclinic\petclinic-core\src\be\heh\petclinic\sql\Pet_CreateTable.sql]
16:29:23.429 [Test worker] DEBUG org.springframework.jdbc.datasource.init.ScriptUtils - 0 returned as update count for SQL: DROP TABLE IF EXISTS pet
16:29:24.870 [Test worker] DEBUG org.springframework.jdbc.datasource.init.ScriptUtils - 0 returned as update count for SQL: CREATE TABLE pet ( id int NOT NULL AUTO_INCREMENT, name varchar(45) not null, birthdate date not null, typepet varchar(30) not null, ownerId int NOT NULL, primary key (id) )
16:29:25.041 [Test worker] DEBUG org.springframework.jdbc.datasource.init.ScriptUtils - 1 returned as update count for SQL: INSERT INTO pet (name, birthdate, typepet,ownerId) VALUES ("Grandma","2000-01-01","cat",1)
16:29:25.577 [Test worker] DEBUG org.springframework.jdbc.datasource.init.ScriptUtils - 1 returned as update count for SQL: INSERT INTO pet (name, birthdate, typepet,ownerId) VALUES ("Kaa","2018-10-25","snake",1)
16:29:26.053 [Test worker] DEBUG org.springframework.jdbc.datasource.init.ScriptUtils - 1 returned as update count for SQL: INSERT INTO pet (name, birthdate, typepet,ownerId) VALUES ("Leo","2010-09-07","hamster",1)
16:29:26.246 [Test worker] DEBUG org.springframework.jdbc.datasource.init.ScriptUtils - 1 returned as update count for SQL: INSERT INTO pet (name, birthdate, typepet,ownerId) VALUES ("Basil","2012-08-06","hamster",2)
16:29:26.551 [Test worker] DEBUG org.springframework.jdbc.datasource.init.ScriptUtils - 1 returned as update count for SQL: INSERT INTO pet (name, birthdate, typepet,ownerId) VALUES ("Jewel","2010-03-07","dog",3)
16:29:26.904 [Test worker] DEBUG org.springframework.jdbc.datasource.init.ScriptUtils - 1 returned as update count for SQL: INSERT INTO pet (name, birthdate, typepet,ownerId) VALUES ("Rosy","2011-04-17","dog",3)
16:29:26.905 [Test worker] DEBUG org.springframework.jdbc.datasource.init.ScriptUtils - Executed SQL script from file [C:\Users\Hempte Maxime\Documents\Projet\petclinic\petclinic-core\src\be\heh\petclinic\sql\Pet_CreateTable.sql] in 4448 ms.
16:29:26.906 [Test worker] DEBUG org.springframework.jdbc.datasource.init.ScriptUtils - Executing SQL script from file [C:\Users\Hempte Maxime\Documents\Projet\petclinic\petclinic-core\src\be\heh\petclinic\sql\schemaOwner.sql]
16:29:28.323 [Test worker] DEBUG org.springframework.jdbc.datasource.init.ScriptUtils - 0 returned as update count for SQL: DROP TABLE IF EXISTS owner
16:29:29.628 [Test worker] DEBUG org.springframework.jdbc.datasource.init.ScriptUtils - 0 returned as update count for SQL: CREATE TABLE owner ( id int NOT NULL AUTO_INCREMENT, lastname varchar(45) not null, firstname varchar(45) not null, address varchar(45) not null, city varchar(45) not null, telephone varchar(45) not null, pets varchar(200) not null, primary key (id))
16:29:29.871 [Test worker] DEBUG org.springframework.jdbc.datasource.init.ScriptUtils - 1 returned as update count for SQL: INSERT INTO owner (lastname, firstname, address,city,telephone,pets) VALUES ("Franklin","George","10 W.Liberty St.","Madison","6085551023","Grandma Kaa Leo")
16:29:30.043 [Test worker] DEBUG org.springframework.jdbc.datasource.init.ScriptUtils - 1 returned as update count for SQL: INSERT INTO owner (lastname, firstname, address,city,telephone,pets) VALUES ("Davis","Betty","638 Cardinal Ave.","Sun Prairie","6085551749","Basil")
16:29:30.204 [Test worker] DEBUG org.springframework.jdbc.datasource.init.ScriptUtils - 1 returned as update count for SQL: INSERT INTO owner (lastname, firstname, address,city,telephone,pets) VALUES ("Rodriquez","Eduardo","2693 Commerce St.","McFarland", "6085558763","Jewel Rosy")
16:29:30.205 [Test worker] DEBUG org.springframework.jdbc.datasource.init.ScriptUtils - Executed SQL script from file [C:\Users\Hempte Maxime\Documents\Projet\petclinic\petclinic-core\src\be\heh\petclinic\sql\schemaOwner.sql] in 3299 ms.
16:29:30.205 [Test worker] DEBUG org.springframework.jdbc.datasource.DataSourceUtils - Returning JDBC Connection to DataSource
src\be\heh\petclinic\sql\schemaVet.sql
16:29:30.206 [Test worker] DEBUG org.springframework.jdbc.datasource.DataSourceUtils - Fetching JDBC Connection from DataSource
16:29:30.206 [Test worker] DEBUG org.springframework.jdbc.datasource.DriverManagerDataSource - Creating new JDBC DriverManager Connection to [jdbc:mysql://192.168.99.100:3306/petclinic]
16:29:30.242 [Test worker] DEBUG org.springframework.jdbc.datasource.init.ScriptUtils - Executing SQL script from file [C:\Users\Hempte Maxime\Documents\Projet\petclinic\petclinic-core\src\be\heh\petclinic\sql\Pet_CreateTable.sql]
16:29:31.154 [Test worker] DEBUG org.springframework.jdbc.datasource.init.ScriptUtils - 0 returned as update count for SQL: DROP TABLE IF EXISTS pet
16:29:32.478 [Test worker] DEBUG org.springframework.jdbc.datasource.init.ScriptUtils - 0 returned as update count for SQL: CREATE TABLE pet ( id int NOT NULL AUTO_INCREMENT, name varchar(45) not null, birthdate date not null, typepet varchar(30) not null, ownerId int NOT NULL, primary key (id) )
16:29:32.699 [Test worker] DEBUG org.springframework.jdbc.datasource.init.ScriptUtils - 1 returned as update count for SQL: INSERT INTO pet (name, birthdate, typepet,ownerId) VALUES ("Grandma","2000-01-01","cat",1)
16:29:33.201 [Test worker] DEBUG org.springframework.jdbc.datasource.init.ScriptUtils - 1 returned as update count for SQL: INSERT INTO pet (name, birthdate, typepet,ownerId) VALUES ("Kaa","2018-10-25","snake",1)
16:29:33.601 [Test worker] DEBUG org.springframework.jdbc.datasource.init.ScriptUtils - 1 returned as update count for SQL: INSERT INTO pet (name, birthdate, typepet,ownerId) VALUES ("Leo","2010-09-07","hamster",1)
16:29:33.838 [Test worker] DEBUG org.springframework.jdbc.datasource.init.ScriptUtils - 1 returned as update count for SQL: INSERT INTO pet (name, birthdate, typepet,ownerId) VALUES ("Basil","2012-08-06","hamster",2)
16:29:34.070 [Test worker] DEBUG org.springframework.jdbc.datasource.init.ScriptUtils - 1 returned as update count for SQL: INSERT INTO pet (name, birthdate, typepet,ownerId) VALUES ("Jewel","2010-03-07","dog",3)
16:29:34.253 [Test worker] DEBUG org.springframework.jdbc.datasource.init.ScriptUtils - 1 returned as update count for SQL: INSERT INTO pet (name, birthdate, typepet,ownerId) VALUES ("Rosy","2011-04-17","dog",3)
16:29:34.253 [Test worker] DEBUG org.springframework.jdbc.datasource.init.ScriptUtils - Executed SQL script from file [C:\Users\Hempte Maxime\Documents\Projet\petclinic\petclinic-core\src\be\heh\petclinic\sql\Pet_CreateTable.sql] in 4011 ms.
16:29:34.253 [Test worker] DEBUG org.springframework.jdbc.datasource.init.ScriptUtils - Executing SQL script from file [C:\Users\Hempte Maxime\Documents\Projet\petclinic\petclinic-core\src\be\heh\petclinic\sql\schemaOwner.sql]
16:29:35.544 [Test worker] DEBUG org.springframework.jdbc.datasource.init.ScriptUtils - 0 returned as update count for SQL: DROP TABLE IF EXISTS owner
16:29:36.664 [Test worker] DEBUG org.springframework.jdbc.datasource.init.ScriptUtils - 0 returned as update count for SQL: CREATE TABLE owner ( id int NOT NULL AUTO_INCREMENT, lastname varchar(45) not null, firstname varchar(45) not null, address varchar(45) not null, city varchar(45) not null, telephone varchar(45) not null, pets varchar(200) not null, primary key (id))
16:29:36.907 [Test worker] DEBUG org.springframework.jdbc.datasource.init.ScriptUtils - 1 returned as update count for SQL: INSERT INTO owner (lastname, firstname, address,city,telephone,pets) VALUES ("Franklin","George","10 W.Liberty St.","Madison","6085551023","Grandma Kaa Leo")
16:29:37.228 [Test worker] DEBUG org.springframework.jdbc.datasource.init.ScriptUtils - 1 returned as update count for SQL: INSERT INTO owner (lastname, firstname, address,city,telephone,pets) VALUES ("Davis","Betty","638 Cardinal Ave.","Sun Prairie","6085551749","Basil")
16:29:37.475 [Test worker] DEBUG org.springframework.jdbc.datasource.init.ScriptUtils - 1 returned as update count for SQL: INSERT INTO owner (lastname, firstname, address,city,telephone,pets) VALUES ("Rodriquez","Eduardo","2693 Commerce St.","McFarland", "6085558763","Jewel Rosy")
16:29:37.476 [Test worker] DEBUG org.springframework.jdbc.datasource.init.ScriptUtils - Executed SQL script from file [C:\Users\Hempte Maxime\Documents\Projet\petclinic\petclinic-core\src\be\heh\petclinic\sql\schemaOwner.sql] in 3223 ms.
16:29:37.476 [Test worker] DEBUG org.springframework.jdbc.datasource.init.ScriptUtils - Executing SQL script from file [C:\Users\Hempte Maxime\Documents\Projet\petclinic\petclinic-core\src\be\heh\petclinic\sql\schemaVet.sql]
16:29:38.295 [Test worker] DEBUG org.springframework.jdbc.datasource.init.ScriptUtils - 0 returned as update count for SQL: DROP TABLE IF EXISTS vet
16:29:39.307 [Test worker] DEBUG org.springframework.jdbc.datasource.init.ScriptUtils - 0 returned as update count for SQL: CREATE TABLE vet ( id int NOT NULL AUTO_INCREMENT, lastname varchar(45) not null, firstname varchar(45) not null, speciality char(45) not null, primary key (id))
16:29:39.594 [Test worker] DEBUG org.springframework.jdbc.datasource.init.ScriptUtils - 1 returned as update count for SQL: INSERT INTO vet (lastname, firstname, speciality) VALUES ("Carter", "James", "none")
16:29:39.965 [Test worker] DEBUG org.springframework.jdbc.datasource.init.ScriptUtils - 1 returned as update count for SQL: INSERT INTO vet (lastname, firstname, speciality) VALUES ("Helen", "Leary", "radiology")
16:29:40.159 [Test worker] DEBUG org.springframework.jdbc.datasource.init.ScriptUtils - 1 returned as update count for SQL: INSERT INTO vet (lastname, firstname, speciality) VALUES ("Douglas", "Linda", "dentistry surgery")
16:29:40.367 [Test worker] DEBUG org.springframework.jdbc.datasource.init.ScriptUtils - 1 returned as update count for SQL: INSERT INTO vet (lastname, firstname, speciality) VALUES ("Ortega", "Rafael", "surgery")
16:29:40.606 [Test worker] DEBUG org.springframework.jdbc.datasource.init.ScriptUtils - 1 returned as update count for SQL: INSERT INTO vet (lastname, firstname, speciality) VALUES ("Stevens", "Henry","radiology")
16:29:40.815 [Test worker] DEBUG org.springframework.jdbc.datasource.init.ScriptUtils - 1 returned as update count for SQL: INSERT INTO vet (lastname, firstname, speciality) VALUES ("Jenkins", "Sharon","none")
16:29:40.816 [Test worker] DEBUG org.springframework.jdbc.datasource.init.ScriptUtils - Executed SQL script from file [C:\Users\Hempte Maxime\Documents\Projet\petclinic\petclinic-core\src\be\heh\petclinic\sql\schemaVet.sql] in 3340 ms.
16:29:40.816 [Test worker] DEBUG org.springframework.jdbc.datasource.DataSourceUtils - Returning JDBC Connection to DataSource
16:29:40.820 [Test worker] DEBUG org.springframework.jdbc.core.JdbcTemplate - Executing SQL query [SELECT lastname, firstname, speciality FROM vet]
16:29:40.820 [Test worker] DEBUG org.springframework.jdbc.datasource.DataSourceUtils - Fetching JDBC Connection from DataSource
16:29:40.820 [Test worker] DEBUG org.springframework.jdbc.datasource.DriverManagerDataSource - Creating new JDBC DriverManager Connection to [jdbc:mysql://192.168.99.100:3306/petclinic]
16:29:40.871 [Test worker] DEBUG org.springframework.jdbc.datasource.DataSourceUtils - Returning JDBC Connection to DataSource
]]></system-out>
  <system-err><![CDATA[Tue Nov 27 16:29:18 CET 2018 WARN: Establishing SSL connection without server's identity verification is not recommended. According to MySQL 5.5.45+, 5.6.26+ and 5.7.6+ requirements SSL connection must be established by default if explicit option isn't set. For compliance with existing applications not using SSL the verifyServerCertificate property is set to 'false'. You need either to explicitly disable SSL by setting useSSL=false, or set useSSL=true and provide truststore for server certificate verification.
Tue Nov 27 16:29:22 CET 2018 WARN: Establishing SSL connection without server's identity verification is not recommended. According to MySQL 5.5.45+, 5.6.26+ and 5.7.6+ requirements SSL connection must be established by default if explicit option isn't set. For compliance with existing applications not using SSL the verifyServerCertificate property is set to 'false'. You need either to explicitly disable SSL by setting useSSL=false, or set useSSL=true and provide truststore for server certificate verification.
Tue Nov 27 16:29:30 CET 2018 WARN: Establishing SSL connection without server's identity verification is not recommended. According to MySQL 5.5.45+, 5.6.26+ and 5.7.6+ requirements SSL connection must be established by default if explicit option isn't set. For compliance with existing applications not using SSL the verifyServerCertificate property is set to 'false'. You need either to explicitly disable SSL by setting useSSL=false, or set useSSL=true and provide truststore for server certificate verification.
Tue Nov 27 16:29:40 CET 2018 WARN: Establishing SSL connection without server's identity verification is not recommended. According to MySQL 5.5.45+, 5.6.26+ and 5.7.6+ requirements SSL connection must be established by default if explicit option isn't set. For compliance with existing applications not using SSL the verifyServerCertificate property is set to 'false'. You need either to explicitly disable SSL by setting useSSL=false, or set useSSL=true and provide truststore for server certificate verification.
]]></system-err>
</testsuite>
